# JRE version: OpenJDK Runtime Environment (8.0_252-b09) (build 1.8.0_252-8u252-b09-1~16.04-b09)
# Java VM: OpenJDK 64-Bit Server VM (25.252-b09 mixed mode linux-amd64 compressed oops)
Heap:
 PSYoungGen      total 501248K, used 12413K [0x00000000d7000000, 0x0000000100000000, 0x0000000100000000)
  eden space 338944K, 0% used [0x00000000d7000000,0x00000000d7000000,0x00000000ebb00000)
  from space 162304K, 7% used [0x00000000f6180000,0x00000000f6d9f4a8,0x0000000100000000)
  to   space 166400K, 0% used [0x00000000ebb00000,0x00000000ebb00000,0x00000000f5d80000)
 ParOldGen       total 923648K, used 923326K [0x0000000085000000, 0x00000000bd600000, 0x00000000d7000000)
  object space 923648K, 99% used [0x0000000085000000,0x00000000bd5af800,0x00000000bd600000)
 Metaspace       used 10438K, capacity 10605K, committed 10880K, reserved 1058816K
  class space    used 977K, capacity 1031K, committed 1152K, reserved 1048576K
GC Heap History (10 events):
Event: 30,088 GC heap after
Heap after GC invocations=19 (full 4):
 PSYoungGen      total 489984K, used 104323K [0x00000000d7000000, 0x0000000100000000, 0x0000000100000000)
  eden space 347136K, 0% used [0x00000000d7000000,0x00000000d7000000,0x00000000ec300000)
  from space 142848K, 73% used [0x00000000ec300000,0x00000000f28e0d10,0x00000000f4e80000)
  to   space 151040K, 0% used [0x00000000f6c80000,0x00000000f6c80000,0x0000000100000000)
 ParOldGen       total 666112K, used 519587K [0x0000000085000000, 0x00000000ada80000, 0x00000000d7000000)
  object space 666112K, 78% used [0x0000000085000000,0x00000000a4b68ec8,0x00000000ada80000)
 Metaspace       used 10423K, capacity 10605K, committed 10880K, reserved 1058816K
  class space    used 977K, capacity 1031K, committed 1152K, reserved 1048576K
}
Event: 34,470 GC heap before
{Heap before GC invocations=20 (full 4):
 PSYoungGen      total 489984K, used 451459K [0x00000000d7000000, 0x0000000100000000, 0x0000000100000000)
  eden space 347136K, 100% used [0x00000000d7000000,0x00000000ec300000,0x00000000ec300000)
  from space 142848K, 73% used [0x00000000ec300000,0x00000000f28e0d10,0x00000000f4e80000)
  to   space 151040K, 0% used [0x00000000f6c80000,0x00000000f6c80000,0x0000000100000000)
 ParOldGen       total 666112K, used 519587K [0x0000000085000000, 0x00000000ada80000, 0x00000000d7000000)
  object space 666112K, 78% used [0x0000000085000000,0x00000000a4b68ec8,0x00000000ada80000)
 Metaspace       used 10431K, capacity 10605K, committed 10880K, reserved 1058816K
  class space    used 977K, capacity 1031K, committed 1152K, reserved 1048576K
Event: 35,101 GC heap after
Heap after GC invocations=20 (full 4):
 PSYoungGen      total 508416K, used 103848K [0x00000000d7000000, 0x0000000100000000, 0x0000000100000000)
  eden space 357376K, 0% used [0x00000000d7000000,0x00000000d7000000,0x00000000ecd00000)
  from space 151040K, 68% used [0x00000000f6c80000,0x00000000fd1ea060,0x0000000100000000)
  to   space 157184K, 0% used [0x00000000ecd00000,0x00000000ecd00000,0x00000000f6680000)
 ParOldGen       total 666112K, used 624042K [0x0000000085000000, 0x00000000ada80000, 0x00000000d7000000)
  object space 666112K, 93% used [0x0000000085000000,0x00000000ab16a9c8,0x00000000ada80000)
 Metaspace       used 10431K, capacity 10605K, committed 10880K, reserved 1058816K
  class space    used 977K, capacity 1031K, committed 1152K, reserved 1048576K
}
Event: 35,101 GC heap before
{Heap before GC invocations=21 (full 5):
 PSYoungGen      total 508416K, used 103848K [0x00000000d7000000, 0x0000000100000000, 0x0000000100000000)
  eden space 357376K, 0% used [0x00000000d7000000,0x00000000d7000000,0x00000000ecd00000)
  from space 151040K, 68% used [0x00000000f6c80000,0x00000000fd1ea060,0x0000000100000000)
  to   space 157184K, 0% used [0x00000000ecd00000,0x00000000ecd00000,0x00000000f6680000)
 ParOldGen       total 666112K, used 624042K [0x0000000085000000, 0x00000000ada80000, 0x00000000d7000000)
  object space 666112K, 93% used [0x0000000085000000,0x00000000ab16a9c8,0x00000000ada80000)
 Metaspace       used 10431K, capacity 10605K, committed 10880K, reserved 1058816K
  class space    used 977K, capacity 1031K, committed 1152K, reserved 1048576K
Event: 36,511 GC heap after
Heap after GC invocations=21 (full 5):
 PSYoungGen      total 508416K, used 59041K [0x00000000d7000000, 0x0000000100000000, 0x0000000100000000)
  eden space 357376K, 0% used [0x00000000d7000000,0x00000000d7000000,0x00000000ecd00000)
  from space 151040K, 39% used [0x00000000f6c80000,0x00000000fa6285f8,0x0000000100000000)
  to   space 157184K, 0% used [0x00000000ecd00000,0x00000000ecd00000,0x00000000f6680000)
 ParOldGen       total 923648K, used 665877K [0x0000000085000000, 0x00000000bd600000, 0x00000000d7000000)
  object space 923648K, 72% used [0x0000000085000000,0x00000000ada45428,0x00000000bd600000)
 Metaspace       used 10431K, capacity 10605K, committed 10880K, reserved 1058816K
  class space    used 977K, capacity 1031K, committed 1152K, reserved 1048576K
}
Event: 46,843 GC heap before
{Heap before GC invocations=22 (full 5):
 PSYoungGen      total 508416K, used 416417K [0x00000000d7000000, 0x0000000100000000, 0x0000000100000000)
  eden space 357376K, 100% used [0x00000000d7000000,0x00000000ecd00000,0x00000000ecd00000)
  from space 151040K, 39% used [0x00000000f6c80000,0x00000000fa6285f8,0x0000000100000000)
  to   space 157184K, 0% used [0x00000000ecd00000,0x00000000ecd00000,0x00000000f6680000)
 ParOldGen       total 923648K, used 665877K [0x0000000085000000, 0x00000000bd600000, 0x00000000d7000000)
  object space 923648K, 72% used [0x0000000085000000,0x00000000ada45428,0x00000000bd600000)
 Metaspace       used 10438K, capacity 10605K, committed 10880K, reserved 1058816K
  class space    used 977K, capacity 1031K, committed 1152K, reserved 1048576K
Event: 47,041 GC heap after
Heap after GC invocations=22 (full 5):
 PSYoungGen      total 464384K, used 106583K [0x00000000d7000000, 0x0000000100000000, 0x0000000100000000)
  eden space 357376K, 0% used [0x00000000d7000000,0x00000000d7000000,0x00000000ecd00000)
  from space 107008K, 99% used [0x00000000ecd00000,0x00000000f3515f10,0x00000000f3580000)
  to   space 162304K, 0% used [0x00000000f6180000,0x00000000f6180000,0x0000000100000000)
 ParOldGen       total 923648K, used 725343K [0x0000000085000000, 0x00000000bd600000, 0x00000000d7000000)
  object space 923648K, 78% used [0x0000000085000000,0x00000000b1457dc8,0x00000000bd600000)
 Metaspace       used 10438K, capacity 10605K, committed 10880K, reserved 1058816K
  class space    used 977K, capacity 1031K, committed 1152K, reserved 1048576K
}
Event: 59,173 GC heap before
{Heap before GC invocations=23 (full 5):
 PSYoungGen      total 464384K, used 463959K [0x00000000d7000000, 0x0000000100000000, 0x0000000100000000)
  eden space 357376K, 100% used [0x00000000d7000000,0x00000000ecd00000,0x00000000ecd00000)
  from space 107008K, 99% used [0x00000000ecd00000,0x00000000f3515f10,0x00000000f3580000)
  to   space 162304K, 0% used [0x00000000f6180000,0x00000000f6180000,0x0000000100000000)
 ParOldGen       total 923648K, used 725343K [0x0000000085000000, 0x00000000bd600000, 0x00000000d7000000)
  object space 923648K, 78% used [0x0000000085000000,0x00000000b1457dc8,0x00000000bd600000)
 Metaspace       used 10438K, capacity 10605K, committed 10880K, reserved 1058816K
  class space    used 977K, capacity 1031K, committed 1152K, reserved 1048576K
Event: 60,217 GC heap after
Heap after GC invocations=23 (full 5):
 PSYoungGen      total 501248K, used 106763K [0x00000000d7000000, 0x0000000100000000, 0x0000000100000000)
  eden space 338944K, 0% used [0x00000000d7000000,0x00000000d7000000,0x00000000ebb00000)
  from space 162304K, 65% used [0x00000000f6180000,0x00000000fc9c2ca8,0x0000000100000000)
  to   space 166400K, 0% used [0x00000000ebb00000,0x00000000ebb00000,0x00000000f5d80000)
 ParOldGen       total 923648K, used 831689K [0x0000000085000000, 0x00000000bd600000, 0x00000000d7000000)
  object space 923648K, 90% used [0x0000000085000000,0x00000000b7c32648,0x00000000bd600000)
 Metaspace       used 10438K, capacity 10605K, committed 10880K, reserved 1058816K
  class space    used 977K, capacity 1031K, committed 1152K, reserved 1048576K
}
Event: 60,218 GC heap before
{Heap before GC invocations=24 (full 6):
 PSYoungGen      total 501248K, used 106763K [0x00000000d7000000, 0x0000000100000000, 0x0000000100000000)
  eden space 338944K, 0% used [0x00000000d7000000,0x00000000d7000000,0x00000000ebb00000)
  from space 162304K, 65% used [0x00000000f6180000,0x00000000fc9c2ca8,0x0000000100000000)
  to   space 166400K, 0% used [0x00000000ebb00000,0x00000000ebb00000,0x00000000f5d80000)
 ParOldGen       total 923648K, used 831689K [0x0000000085000000, 0x00000000bd600000, 0x00000000d7000000)
  object space 923648K, 90% used [0x0000000085000000,0x00000000b7c32648,0x00000000bd600000)
 Metaspace       used 10438K, capacity 10605K, committed 10880K, reserved 1058816K
  class space    used 977K, capacity 1031K, committed 1152K, reserved 1048576K

